Traceback (most recent call last):
  File "/home/yichia3/torchgeo/train.py", line 149, in <module>
    conf = set_up_omegaconf()
  File "/home/yichia3/torchgeo/train.py", line 50, in set_up_omegaconf
    user_conf = OmegaConf.load(config_fn)
  File "/projects/dali/spack/var/spack/environments/dali/.spack-env/view/lib/python3.10/site-packages/omegaconf/omegaconf.py", line 190, in load
    obj = yaml.load(f, Loader=get_yaml_loader())
  File "/projects/dali/spack/var/spack/environments/dali/.spack-env/view/lib/python3.10/site-packages/yaml/__init__.py", line 81, in load
    return loader.get_single_data()
  File "/projects/dali/spack/var/spack/environments/dali/.spack-env/view/lib/python3.10/site-packages/yaml/constructor.py", line 49, in get_single_data
    node = self.get_single_node()
  File "/projects/dali/spack/var/spack/environments/dali/.spack-env/view/lib/python3.10/site-packages/yaml/composer.py", line 36, in get_single_node
    document = self.compose_document()
  File "/projects/dali/spack/var/spack/environments/dali/.spack-env/view/lib/python3.10/site-packages/yaml/composer.py", line 55, in compose_document
    node = self.compose_node(None, None)
  File "/projects/dali/spack/var/spack/environments/dali/.spack-env/view/lib/python3.10/site-packages/yaml/composer.py", line 84, in compose_node
    node = self.compose_mapping_node(anchor)
  File "/projects/dali/spack/var/spack/environments/dali/.spack-env/view/lib/python3.10/site-packages/yaml/composer.py", line 133, in compose_mapping_node
    item_value = self.compose_node(node, item_key)
  File "/projects/dali/spack/var/spack/environments/dali/.spack-env/view/lib/python3.10/site-packages/yaml/composer.py", line 84, in compose_node
    node = self.compose_mapping_node(anchor)
  File "/projects/dali/spack/var/spack/environments/dali/.spack-env/view/lib/python3.10/site-packages/yaml/composer.py", line 127, in compose_mapping_node
    while not self.check_event(MappingEndEvent):
  File "/projects/dali/spack/var/spack/environments/dali/.spack-env/view/lib/python3.10/site-packages/yaml/parser.py", line 98, in check_event
    self.current_event = self.state()
  File "/projects/dali/spack/var/spack/environments/dali/.spack-env/view/lib/python3.10/site-packages/yaml/parser.py", line 428, in parse_block_mapping_key
    if self.check_token(KeyToken):
  File "/projects/dali/spack/var/spack/environments/dali/.spack-env/view/lib/python3.10/site-packages/yaml/scanner.py", line 115, in check_token
    while self.need_more_tokens():
  File "/projects/dali/spack/var/spack/environments/dali/.spack-env/view/lib/python3.10/site-packages/yaml/scanner.py", line 152, in need_more_tokens
    self.stale_possible_simple_keys()
  File "/projects/dali/spack/var/spack/environments/dali/.spack-env/view/lib/python3.10/site-packages/yaml/scanner.py", line 291, in stale_possible_simple_keys
    raise ScannerError("while scanning a simple key", key.mark,
yaml.scanner.ScannerError: while scanning a simple key
  in "/home/yichia3/torchgeo/conf/ssl4eo_benchmark_oli_sr_cdl.yaml", line 37, column 1
could not find expected ':'
  in "/home/yichia3/torchgeo/conf/ssl4eo_benchmark_oli_sr_cdl.yaml", line 38, column 1
Traceback (most recent call last):
  File "/home/yichia3/torchgeo/train.py", line 149, in <module>
    conf = set_up_omegaconf()
  File "/home/yichia3/torchgeo/train.py", line 50, in set_up_omegaconf
    user_conf = OmegaConf.load(config_fn)
  File "/projects/dali/spack/var/spack/environments/dali/.spack-env/view/lib/python3.10/site-packages/omegaconf/omegaconf.py", line 190, in load
    obj = yaml.load(f, Loader=get_yaml_loader())
  File "/projects/dali/spack/var/spack/environments/dali/.spack-env/view/lib/python3.10/site-packages/yaml/__init__.py", line 81, in load
    return loader.get_single_data()
  File "/projects/dali/spack/var/spack/environments/dali/.spack-env/view/lib/python3.10/site-packages/yaml/constructor.py", line 49, in get_single_data
    node = self.get_single_node()
  File "/projects/dali/spack/var/spack/environments/dali/.spack-env/view/lib/python3.10/site-packages/yaml/composer.py", line 36, in get_single_node
    document = self.compose_document()
  File "/projects/dali/spack/var/spack/environments/dali/.spack-env/view/lib/python3.10/site-packages/yaml/composer.py", line 55, in compose_document
    node = self.compose_node(None, None)
  File "/projects/dali/spack/var/spack/environments/dali/.spack-env/view/lib/python3.10/site-packages/yaml/composer.py", line 84, in compose_node
    node = self.compose_mapping_node(anchor)
  File "/projects/dali/spack/var/spack/environments/dali/.spack-env/view/lib/python3.10/site-packages/yaml/composer.py", line 133, in compose_mapping_node
    item_value = self.compose_node(node, item_key)
  File "/projects/dali/spack/var/spack/environments/dali/.spack-env/view/lib/python3.10/site-packages/yaml/composer.py", line 84, in compose_node
    node = self.compose_mapping_node(anchor)
  File "/projects/dali/spack/var/spack/environments/dali/.spack-env/view/lib/python3.10/site-packages/yaml/composer.py", line 127, in compose_mapping_node
    while not self.check_event(MappingEndEvent):
  File "/projects/dali/spack/var/spack/environments/dali/.spack-env/view/lib/python3.10/site-packages/yaml/parser.py", line 98, in check_event
    self.current_event = self.state()
  File "/projects/dali/spack/var/spack/environments/dali/.spack-env/view/lib/python3.10/site-packages/yaml/parser.py", line 428, in parse_block_mapping_key
    if self.check_token(KeyToken):
  File "/projects/dali/spack/var/spack/environments/dali/.spack-env/view/lib/python3.10/site-packages/yaml/scanner.py", line 115, in check_token
    while self.need_more_tokens():
  File "/projects/dali/spack/var/spack/environments/dali/.spack-env/view/lib/python3.10/site-packages/yaml/scanner.py", line 152, in need_more_tokens
    self.stale_possible_simple_keys()
  File "/projects/dali/spack/var/spack/environments/dali/.spack-env/view/lib/python3.10/site-packages/yaml/scanner.py", line 291, in stale_possible_simple_keys
    raise ScannerError("while scanning a simple key", key.mark,
yaml.scanner.ScannerError: while scanning a simple key
  in "/home/yichia3/torchgeo/conf/ssl4eo_benchmark_oli_sr_cdl.yaml", line 37, column 1
could not find expected ':'
  in "/home/yichia3/torchgeo/conf/ssl4eo_benchmark_oli_sr_cdl.yaml", line 38, column 1
Traceback (most recent call last):
  File "/home/yichia3/torchgeo/train.py", line 149, in <module>
    conf = set_up_omegaconf()
  File "/home/yichia3/torchgeo/train.py", line 50, in set_up_omegaconf
    user_conf = OmegaConf.load(config_fn)
  File "/projects/dali/spack/var/spack/environments/dali/.spack-env/view/lib/python3.10/site-packages/omegaconf/omegaconf.py", line 190, in load
    obj = yaml.load(f, Loader=get_yaml_loader())
  File "/projects/dali/spack/var/spack/environments/dali/.spack-env/view/lib/python3.10/site-packages/yaml/__init__.py", line 81, in load
    return loader.get_single_data()
  File "/projects/dali/spack/var/spack/environments/dali/.spack-env/view/lib/python3.10/site-packages/yaml/constructor.py", line 49, in get_single_data
    node = self.get_single_node()
  File "/projects/dali/spack/var/spack/environments/dali/.spack-env/view/lib/python3.10/site-packages/yaml/composer.py", line 36, in get_single_node
    document = self.compose_document()
  File "/projects/dali/spack/var/spack/environments/dali/.spack-env/view/lib/python3.10/site-packages/yaml/composer.py", line 55, in compose_document
    node = self.compose_node(None, None)
  File "/projects/dali/spack/var/spack/environments/dali/.spack-env/view/lib/python3.10/site-packages/yaml/composer.py", line 84, in compose_node
    node = self.compose_mapping_node(anchor)
  File "/projects/dali/spack/var/spack/environments/dali/.spack-env/view/lib/python3.10/site-packages/yaml/composer.py", line 133, in compose_mapping_node
    item_value = self.compose_node(node, item_key)
  File "/projects/dali/spack/var/spack/environments/dali/.spack-env/view/lib/python3.10/site-packages/yaml/composer.py", line 84, in compose_node
    node = self.compose_mapping_node(anchor)
  File "/projects/dali/spack/var/spack/environments/dali/.spack-env/view/lib/python3.10/site-packages/yaml/composer.py", line 127, in compose_mapping_node
    while not self.check_event(MappingEndEvent):
  File "/projects/dali/spack/var/spack/environments/dali/.spack-env/view/lib/python3.10/site-packages/yaml/parser.py", line 98, in check_event
    self.current_event = self.state()
  File "/projects/dali/spack/var/spack/environments/dali/.spack-env/view/lib/python3.10/site-packages/yaml/parser.py", line 428, in parse_block_mapping_key
    if self.check_token(KeyToken):
  File "/projects/dali/spack/var/spack/environments/dali/.spack-env/view/lib/python3.10/site-packages/yaml/scanner.py", line 115, in check_token
    while self.need_more_tokens():
  File "/projects/dali/spack/var/spack/environments/dali/.spack-env/view/lib/python3.10/site-packages/yaml/scanner.py", line 152, in need_more_tokens
    self.stale_possible_simple_keys()
  File "/projects/dali/spack/var/spack/environments/dali/.spack-env/view/lib/python3.10/site-packages/yaml/scanner.py", line 291, in stale_possible_simple_keys
    raise ScannerError("while scanning a simple key", key.mark,
yaml.scanner.ScannerError: while scanning a simple key
  in "/home/yichia3/torchgeo/conf/ssl4eo_benchmark_oli_sr_cdl.yaml", line 37, column 1
could not find expected ':'
  in "/home/yichia3/torchgeo/conf/ssl4eo_benchmark_oli_sr_cdl.yaml", line 38, column 1
Traceback (most recent call last):
  File "/home/yichia3/torchgeo/train.py", line 149, in <module>
    conf = set_up_omegaconf()
  File "/home/yichia3/torchgeo/train.py", line 50, in set_up_omegaconf
    user_conf = OmegaConf.load(config_fn)
  File "/projects/dali/spack/var/spack/environments/dali/.spack-env/view/lib/python3.10/site-packages/omegaconf/omegaconf.py", line 190, in load
    obj = yaml.load(f, Loader=get_yaml_loader())
  File "/projects/dali/spack/var/spack/environments/dali/.spack-env/view/lib/python3.10/site-packages/yaml/__init__.py", line 81, in load
    return loader.get_single_data()
  File "/projects/dali/spack/var/spack/environments/dali/.spack-env/view/lib/python3.10/site-packages/yaml/constructor.py", line 49, in get_single_data
    node = self.get_single_node()
  File "/projects/dali/spack/var/spack/environments/dali/.spack-env/view/lib/python3.10/site-packages/yaml/composer.py", line 36, in get_single_node
    document = self.compose_document()
  File "/projects/dali/spack/var/spack/environments/dali/.spack-env/view/lib/python3.10/site-packages/yaml/composer.py", line 55, in compose_document
    node = self.compose_node(None, None)
  File "/projects/dali/spack/var/spack/environments/dali/.spack-env/view/lib/python3.10/site-packages/yaml/composer.py", line 84, in compose_node
    node = self.compose_mapping_node(anchor)
  File "/projects/dali/spack/var/spack/environments/dali/.spack-env/view/lib/python3.10/site-packages/yaml/composer.py", line 133, in compose_mapping_node
    item_value = self.compose_node(node, item_key)
  File "/projects/dali/spack/var/spack/environments/dali/.spack-env/view/lib/python3.10/site-packages/yaml/composer.py", line 84, in compose_node
    node = self.compose_mapping_node(anchor)
  File "/projects/dali/spack/var/spack/environments/dali/.spack-env/view/lib/python3.10/site-packages/yaml/composer.py", line 127, in compose_mapping_node
    while not self.check_event(MappingEndEvent):
  File "/projects/dali/spack/var/spack/environments/dali/.spack-env/view/lib/python3.10/site-packages/yaml/parser.py", line 98, in check_event
    self.current_event = self.state()
  File "/projects/dali/spack/var/spack/environments/dali/.spack-env/view/lib/python3.10/site-packages/yaml/parser.py", line 428, in parse_block_mapping_key
    if self.check_token(KeyToken):
  File "/projects/dali/spack/var/spack/environments/dali/.spack-env/view/lib/python3.10/site-packages/yaml/scanner.py", line 115, in check_token
    while self.need_more_tokens():
  File "/projects/dali/spack/var/spack/environments/dali/.spack-env/view/lib/python3.10/site-packages/yaml/scanner.py", line 152, in need_more_tokens
    self.stale_possible_simple_keys()
  File "/projects/dali/spack/var/spack/environments/dali/.spack-env/view/lib/python3.10/site-packages/yaml/scanner.py", line 291, in stale_possible_simple_keys
    raise ScannerError("while scanning a simple key", key.mark,
yaml.scanner.ScannerError: while scanning a simple key
  in "/home/yichia3/torchgeo/conf/ssl4eo_benchmark_oli_sr_cdl.yaml", line 37, column 1
could not find expected ':'
  in "/home/yichia3/torchgeo/conf/ssl4eo_benchmark_oli_sr_cdl.yaml", line 38, column 1
Traceback (most recent call last):
  File "/home/yichia3/torchgeo/train.py", line 149, in <module>
    conf = set_up_omegaconf()
  File "/home/yichia3/torchgeo/train.py", line 50, in set_up_omegaconf
    user_conf = OmegaConf.load(config_fn)
  File "/projects/dali/spack/var/spack/environments/dali/.spack-env/view/lib/python3.10/site-packages/omegaconf/omegaconf.py", line 190, in load
    obj = yaml.load(f, Loader=get_yaml_loader())
  File "/projects/dali/spack/var/spack/environments/dali/.spack-env/view/lib/python3.10/site-packages/yaml/__init__.py", line 81, in load
    return loader.get_single_data()
  File "/projects/dali/spack/var/spack/environments/dali/.spack-env/view/lib/python3.10/site-packages/yaml/constructor.py", line 49, in get_single_data
    node = self.get_single_node()
  File "/projects/dali/spack/var/spack/environments/dali/.spack-env/view/lib/python3.10/site-packages/yaml/composer.py", line 36, in get_single_node
    document = self.compose_document()
  File "/projects/dali/spack/var/spack/environments/dali/.spack-env/view/lib/python3.10/site-packages/yaml/composer.py", line 55, in compose_document
    node = self.compose_node(None, None)
  File "/projects/dali/spack/var/spack/environments/dali/.spack-env/view/lib/python3.10/site-packages/yaml/composer.py", line 84, in compose_node
    node = self.compose_mapping_node(anchor)
  File "/projects/dali/spack/var/spack/environments/dali/.spack-env/view/lib/python3.10/site-packages/yaml/composer.py", line 133, in compose_mapping_node
    item_value = self.compose_node(node, item_key)
  File "/projects/dali/spack/var/spack/environments/dali/.spack-env/view/lib/python3.10/site-packages/yaml/composer.py", line 84, in compose_node
    node = self.compose_mapping_node(anchor)
  File "/projects/dali/spack/var/spack/environments/dali/.spack-env/view/lib/python3.10/site-packages/yaml/composer.py", line 127, in compose_mapping_node
    while not self.check_event(MappingEndEvent):
  File "/projects/dali/spack/var/spack/environments/dali/.spack-env/view/lib/python3.10/site-packages/yaml/parser.py", line 98, in check_event
    self.current_event = self.state()
  File "/projects/dali/spack/var/spack/environments/dali/.spack-env/view/lib/python3.10/site-packages/yaml/parser.py", line 428, in parse_block_mapping_key
    if self.check_token(KeyToken):
  File "/projects/dali/spack/var/spack/environments/dali/.spack-env/view/lib/python3.10/site-packages/yaml/scanner.py", line 115, in check_token
    while self.need_more_tokens():
  File "/projects/dali/spack/var/spack/environments/dali/.spack-env/view/lib/python3.10/site-packages/yaml/scanner.py", line 152, in need_more_tokens
    self.stale_possible_simple_keys()
  File "/projects/dali/spack/var/spack/environments/dali/.spack-env/view/lib/python3.10/site-packages/yaml/scanner.py", line 291, in stale_possible_simple_keys
    raise ScannerError("while scanning a simple key", key.mark,
yaml.scanner.ScannerError: while scanning a simple key
  in "/home/yichia3/torchgeo/conf/ssl4eo_benchmark_oli_sr_cdl.yaml", line 37, column 1
could not find expected ':'
  in "/home/yichia3/torchgeo/conf/ssl4eo_benchmark_oli_sr_cdl.yaml", line 38, column 1
Traceback (most recent call last):
  File "/home/yichia3/torchgeo/train.py", line 149, in <module>
    conf = set_up_omegaconf()
  File "/home/yichia3/torchgeo/train.py", line 50, in set_up_omegaconf
    user_conf = OmegaConf.load(config_fn)
  File "/projects/dali/spack/var/spack/environments/dali/.spack-env/view/lib/python3.10/site-packages/omegaconf/omegaconf.py", line 190, in load
    obj = yaml.load(f, Loader=get_yaml_loader())
  File "/projects/dali/spack/var/spack/environments/dali/.spack-env/view/lib/python3.10/site-packages/yaml/__init__.py", line 81, in load
    return loader.get_single_data()
  File "/projects/dali/spack/var/spack/environments/dali/.spack-env/view/lib/python3.10/site-packages/yaml/constructor.py", line 49, in get_single_data
    node = self.get_single_node()
  File "/projects/dali/spack/var/spack/environments/dali/.spack-env/view/lib/python3.10/site-packages/yaml/composer.py", line 36, in get_single_node
    document = self.compose_document()
  File "/projects/dali/spack/var/spack/environments/dali/.spack-env/view/lib/python3.10/site-packages/yaml/composer.py", line 55, in compose_document
    node = self.compose_node(None, None)
  File "/projects/dali/spack/var/spack/environments/dali/.spack-env/view/lib/python3.10/site-packages/yaml/composer.py", line 84, in compose_node
    node = self.compose_mapping_node(anchor)
  File "/projects/dali/spack/var/spack/environments/dali/.spack-env/view/lib/python3.10/site-packages/yaml/composer.py", line 133, in compose_mapping_node
    item_value = self.compose_node(node, item_key)
  File "/projects/dali/spack/var/spack/environments/dali/.spack-env/view/lib/python3.10/site-packages/yaml/composer.py", line 84, in compose_node
    node = self.compose_mapping_node(anchor)
  File "/projects/dali/spack/var/spack/environments/dali/.spack-env/view/lib/python3.10/site-packages/yaml/composer.py", line 127, in compose_mapping_node
    while not self.check_event(MappingEndEvent):
  File "/projects/dali/spack/var/spack/environments/dali/.spack-env/view/lib/python3.10/site-packages/yaml/parser.py", line 98, in check_event
    self.current_event = self.state()
  File "/projects/dali/spack/var/spack/environments/dali/.spack-env/view/lib/python3.10/site-packages/yaml/parser.py", line 428, in parse_block_mapping_key
    if self.check_token(KeyToken):
  File "/projects/dali/spack/var/spack/environments/dali/.spack-env/view/lib/python3.10/site-packages/yaml/scanner.py", line 115, in check_token
    while self.need_more_tokens():
  File "/projects/dali/spack/var/spack/environments/dali/.spack-env/view/lib/python3.10/site-packages/yaml/scanner.py", line 152, in need_more_tokens
    self.stale_possible_simple_keys()
  File "/projects/dali/spack/var/spack/environments/dali/.spack-env/view/lib/python3.10/site-packages/yaml/scanner.py", line 291, in stale_possible_simple_keys
    raise ScannerError("while scanning a simple key", key.mark,
yaml.scanner.ScannerError: while scanning a simple key
  in "/home/yichia3/torchgeo/conf/ssl4eo_benchmark_oli_sr_cdl.yaml", line 37, column 1
could not find expected ':'
  in "/home/yichia3/torchgeo/conf/ssl4eo_benchmark_oli_sr_cdl.yaml", line 38, column 1
Traceback (most recent call last):
  File "/home/yichia3/torchgeo/train.py", line 149, in <module>
    conf = set_up_omegaconf()
  File "/home/yichia3/torchgeo/train.py", line 50, in set_up_omegaconf
    user_conf = OmegaConf.load(config_fn)
  File "/projects/dali/spack/var/spack/environments/dali/.spack-env/view/lib/python3.10/site-packages/omegaconf/omegaconf.py", line 190, in load
    obj = yaml.load(f, Loader=get_yaml_loader())
  File "/projects/dali/spack/var/spack/environments/dali/.spack-env/view/lib/python3.10/site-packages/yaml/__init__.py", line 81, in load
    return loader.get_single_data()
  File "/projects/dali/spack/var/spack/environments/dali/.spack-env/view/lib/python3.10/site-packages/yaml/constructor.py", line 49, in get_single_data
    node = self.get_single_node()
  File "/projects/dali/spack/var/spack/environments/dali/.spack-env/view/lib/python3.10/site-packages/yaml/composer.py", line 36, in get_single_node
    document = self.compose_document()
  File "/projects/dali/spack/var/spack/environments/dali/.spack-env/view/lib/python3.10/site-packages/yaml/composer.py", line 55, in compose_document
    node = self.compose_node(None, None)
  File "/projects/dali/spack/var/spack/environments/dali/.spack-env/view/lib/python3.10/site-packages/yaml/composer.py", line 84, in compose_node
    node = self.compose_mapping_node(anchor)
  File "/projects/dali/spack/var/spack/environments/dali/.spack-env/view/lib/python3.10/site-packages/yaml/composer.py", line 133, in compose_mapping_node
    item_value = self.compose_node(node, item_key)
  File "/projects/dali/spack/var/spack/environments/dali/.spack-env/view/lib/python3.10/site-packages/yaml/composer.py", line 84, in compose_node
    node = self.compose_mapping_node(anchor)
  File "/projects/dali/spack/var/spack/environments/dali/.spack-env/view/lib/python3.10/site-packages/yaml/composer.py", line 127, in compose_mapping_node
    while not self.check_event(MappingEndEvent):
  File "/projects/dali/spack/var/spack/environments/dali/.spack-env/view/lib/python3.10/site-packages/yaml/parser.py", line 98, in check_event
    self.current_event = self.state()
  File "/projects/dali/spack/var/spack/environments/dali/.spack-env/view/lib/python3.10/site-packages/yaml/parser.py", line 428, in parse_block_mapping_key
    if self.check_token(KeyToken):
  File "/projects/dali/spack/var/spack/environments/dali/.spack-env/view/lib/python3.10/site-packages/yaml/scanner.py", line 115, in check_token
    while self.need_more_tokens():
  File "/projects/dali/spack/var/spack/environments/dali/.spack-env/view/lib/python3.10/site-packages/yaml/scanner.py", line 152, in need_more_tokens
    self.stale_possible_simple_keys()
  File "/projects/dali/spack/var/spack/environments/dali/.spack-env/view/lib/python3.10/site-packages/yaml/scanner.py", line 291, in stale_possible_simple_keys
    raise ScannerError("while scanning a simple key", key.mark,
yaml.scanner.ScannerError: while scanning a simple key
  in "/home/yichia3/torchgeo/conf/ssl4eo_benchmark_oli_sr_cdl.yaml", line 37, column 1
could not find expected ':'
  in "/home/yichia3/torchgeo/conf/ssl4eo_benchmark_oli_sr_cdl.yaml", line 38, column 1
Traceback (most recent call last):
  File "/home/yichia3/torchgeo/train.py", line 149, in <module>
    conf = set_up_omegaconf()
  File "/home/yichia3/torchgeo/train.py", line 50, in set_up_omegaconf
    user_conf = OmegaConf.load(config_fn)
  File "/projects/dali/spack/var/spack/environments/dali/.spack-env/view/lib/python3.10/site-packages/omegaconf/omegaconf.py", line 190, in load
    obj = yaml.load(f, Loader=get_yaml_loader())
  File "/projects/dali/spack/var/spack/environments/dali/.spack-env/view/lib/python3.10/site-packages/yaml/__init__.py", line 81, in load
    return loader.get_single_data()
  File "/projects/dali/spack/var/spack/environments/dali/.spack-env/view/lib/python3.10/site-packages/yaml/constructor.py", line 49, in get_single_data
    node = self.get_single_node()
  File "/projects/dali/spack/var/spack/environments/dali/.spack-env/view/lib/python3.10/site-packages/yaml/composer.py", line 36, in get_single_node
    document = self.compose_document()
  File "/projects/dali/spack/var/spack/environments/dali/.spack-env/view/lib/python3.10/site-packages/yaml/composer.py", line 55, in compose_document
    node = self.compose_node(None, None)
  File "/projects/dali/spack/var/spack/environments/dali/.spack-env/view/lib/python3.10/site-packages/yaml/composer.py", line 84, in compose_node
    node = self.compose_mapping_node(anchor)
  File "/projects/dali/spack/var/spack/environments/dali/.spack-env/view/lib/python3.10/site-packages/yaml/composer.py", line 133, in compose_mapping_node
    item_value = self.compose_node(node, item_key)
  File "/projects/dali/spack/var/spack/environments/dali/.spack-env/view/lib/python3.10/site-packages/yaml/composer.py", line 84, in compose_node
    node = self.compose_mapping_node(anchor)
  File "/projects/dali/spack/var/spack/environments/dali/.spack-env/view/lib/python3.10/site-packages/yaml/composer.py", line 127, in compose_mapping_node
    while not self.check_event(MappingEndEvent):
  File "/projects/dali/spack/var/spack/environments/dali/.spack-env/view/lib/python3.10/site-packages/yaml/parser.py", line 98, in check_event
    self.current_event = self.state()
  File "/projects/dali/spack/var/spack/environments/dali/.spack-env/view/lib/python3.10/site-packages/yaml/parser.py", line 428, in parse_block_mapping_key
    if self.check_token(KeyToken):
  File "/projects/dali/spack/var/spack/environments/dali/.spack-env/view/lib/python3.10/site-packages/yaml/scanner.py", line 115, in check_token
    while self.need_more_tokens():
  File "/projects/dali/spack/var/spack/environments/dali/.spack-env/view/lib/python3.10/site-packages/yaml/scanner.py", line 152, in need_more_tokens
    self.stale_possible_simple_keys()
  File "/projects/dali/spack/var/spack/environments/dali/.spack-env/view/lib/python3.10/site-packages/yaml/scanner.py", line 291, in stale_possible_simple_keys
    raise ScannerError("while scanning a simple key", key.mark,
yaml.scanner.ScannerError: while scanning a simple key
  in "/home/yichia3/torchgeo/conf/ssl4eo_benchmark_oli_sr_cdl.yaml", line 37, column 1
could not find expected ':'
  in "/home/yichia3/torchgeo/conf/ssl4eo_benchmark_oli_sr_cdl.yaml", line 38, column 1
Traceback (most recent call last):
  File "/home/yichia3/torchgeo/train.py", line 149, in <module>
    conf = set_up_omegaconf()
  File "/home/yichia3/torchgeo/train.py", line 50, in set_up_omegaconf
    user_conf = OmegaConf.load(config_fn)
  File "/projects/dali/spack/var/spack/environments/dali/.spack-env/view/lib/python3.10/site-packages/omegaconf/omegaconf.py", line 190, in load
    obj = yaml.load(f, Loader=get_yaml_loader())
  File "/projects/dali/spack/var/spack/environments/dali/.spack-env/view/lib/python3.10/site-packages/yaml/__init__.py", line 81, in load
    return loader.get_single_data()
  File "/projects/dali/spack/var/spack/environments/dali/.spack-env/view/lib/python3.10/site-packages/yaml/constructor.py", line 49, in get_single_data
    node = self.get_single_node()
  File "/projects/dali/spack/var/spack/environments/dali/.spack-env/view/lib/python3.10/site-packages/yaml/composer.py", line 36, in get_single_node
    document = self.compose_document()
  File "/projects/dali/spack/var/spack/environments/dali/.spack-env/view/lib/python3.10/site-packages/yaml/composer.py", line 55, in compose_document
    node = self.compose_node(None, None)
  File "/projects/dali/spack/var/spack/environments/dali/.spack-env/view/lib/python3.10/site-packages/yaml/composer.py", line 84, in compose_node
    node = self.compose_mapping_node(anchor)
  File "/projects/dali/spack/var/spack/environments/dali/.spack-env/view/lib/python3.10/site-packages/yaml/composer.py", line 133, in compose_mapping_node
    item_value = self.compose_node(node, item_key)
  File "/projects/dali/spack/var/spack/environments/dali/.spack-env/view/lib/python3.10/site-packages/yaml/composer.py", line 84, in compose_node
    node = self.compose_mapping_node(anchor)
  File "/projects/dali/spack/var/spack/environments/dali/.spack-env/view/lib/python3.10/site-packages/yaml/composer.py", line 127, in compose_mapping_node
    while not self.check_event(MappingEndEvent):
  File "/projects/dali/spack/var/spack/environments/dali/.spack-env/view/lib/python3.10/site-packages/yaml/parser.py", line 98, in check_event
    self.current_event = self.state()
  File "/projects/dali/spack/var/spack/environments/dali/.spack-env/view/lib/python3.10/site-packages/yaml/parser.py", line 428, in parse_block_mapping_key
    if self.check_token(KeyToken):
  File "/projects/dali/spack/var/spack/environments/dali/.spack-env/view/lib/python3.10/site-packages/yaml/scanner.py", line 115, in check_token
    while self.need_more_tokens():
  File "/projects/dali/spack/var/spack/environments/dali/.spack-env/view/lib/python3.10/site-packages/yaml/scanner.py", line 152, in need_more_tokens
    self.stale_possible_simple_keys()
  File "/projects/dali/spack/var/spack/environments/dali/.spack-env/view/lib/python3.10/site-packages/yaml/scanner.py", line 291, in stale_possible_simple_keys
    raise ScannerError("while scanning a simple key", key.mark,
yaml.scanner.ScannerError: while scanning a simple key
  in "/home/yichia3/torchgeo/conf/ssl4eo_benchmark_oli_sr_cdl.yaml", line 37, column 1
could not find expected ':'
  in "/home/yichia3/torchgeo/conf/ssl4eo_benchmark_oli_sr_cdl.yaml", line 38, column 1
python train.py config_file=conf/ssl4eo_benchmark_oli_sr_cdl.yaml module.model=unet module.backbone=resnet18 module.learning_rate=0.01 module.loss=ce module.weight_decay=0 module.weights=/projects/dali/data/pretrained_weights/ssl4eo-l-oli-sr-mocov2-resnet18/torchgeo.datamodules.ssl4eollmdbdatamodule_torchgeo.trainers.mocotask/ssl4eo-l-oli-sr-mocov2-resnet18_backbone.ckpt program.experiment_name=ssl4eo_benchmark_oli_sr_cdl_unet_resnet18_0.01_ce_0_moco trainer.devices=[0]
python train.py config_file=conf/ssl4eo_benchmark_oli_sr_cdl.yaml module.model=unet module.backbone=resnet18 module.learning_rate=0.01 module.loss=ce module.weight_decay=0.1 module.weights=/projects/dali/data/pretrained_weights/ssl4eo-l-oli-sr-mocov2-resnet18/torchgeo.datamodules.ssl4eollmdbdatamodule_torchgeo.trainers.mocotask/ssl4eo-l-oli-sr-mocov2-resnet18_backbone.ckpt program.experiment_name=ssl4eo_benchmark_oli_sr_cdl_unet_resnet18_0.01_ce_0.1_moco trainer.devices=[0]
python train.py config_file=conf/ssl4eo_benchmark_oli_sr_cdl.yaml module.model=unet module.backbone=resnet18 module.learning_rate=0.01 module.loss=ce module.weight_decay=0.01 module.weights=/projects/dali/data/pretrained_weights/ssl4eo-l-oli-sr-mocov2-resnet18/torchgeo.datamodules.ssl4eollmdbdatamodule_torchgeo.trainers.mocotask/ssl4eo-l-oli-sr-mocov2-resnet18_backbone.ckpt program.experiment_name=ssl4eo_benchmark_oli_sr_cdl_unet_resnet18_0.01_ce_0.01_moco trainer.devices=[0]
python train.py config_file=conf/ssl4eo_benchmark_oli_sr_cdl.yaml module.model=unet module.backbone=resnet18 module.learning_rate=0.001 module.loss=ce module.weight_decay=0 module.weights=/projects/dali/data/pretrained_weights/ssl4eo-l-oli-sr-mocov2-resnet18/torchgeo.datamodules.ssl4eollmdbdatamodule_torchgeo.trainers.mocotask/ssl4eo-l-oli-sr-mocov2-resnet18_backbone.ckpt program.experiment_name=ssl4eo_benchmark_oli_sr_cdl_unet_resnet18_0.001_ce_0_moco trainer.devices=[0]
python train.py config_file=conf/ssl4eo_benchmark_oli_sr_cdl.yaml module.model=unet module.backbone=resnet18 module.learning_rate=0.001 module.loss=ce module.weight_decay=0.1 module.weights=/projects/dali/data/pretrained_weights/ssl4eo-l-oli-sr-mocov2-resnet18/torchgeo.datamodules.ssl4eollmdbdatamodule_torchgeo.trainers.mocotask/ssl4eo-l-oli-sr-mocov2-resnet18_backbone.ckpt program.experiment_name=ssl4eo_benchmark_oli_sr_cdl_unet_resnet18_0.001_ce_0.1_moco trainer.devices=[0]
python train.py config_file=conf/ssl4eo_benchmark_oli_sr_cdl.yaml module.model=unet module.backbone=resnet18 module.learning_rate=0.001 module.loss=ce module.weight_decay=0.01 module.weights=/projects/dali/data/pretrained_weights/ssl4eo-l-oli-sr-mocov2-resnet18/torchgeo.datamodules.ssl4eollmdbdatamodule_torchgeo.trainers.mocotask/ssl4eo-l-oli-sr-mocov2-resnet18_backbone.ckpt program.experiment_name=ssl4eo_benchmark_oli_sr_cdl_unet_resnet18_0.001_ce_0.01_moco trainer.devices=[0]
python train.py config_file=conf/ssl4eo_benchmark_oli_sr_cdl.yaml module.model=unet module.backbone=resnet18 module.learning_rate=0.0001 module.loss=ce module.weight_decay=0 module.weights=/projects/dali/data/pretrained_weights/ssl4eo-l-oli-sr-mocov2-resnet18/torchgeo.datamodules.ssl4eollmdbdatamodule_torchgeo.trainers.mocotask/ssl4eo-l-oli-sr-mocov2-resnet18_backbone.ckpt program.experiment_name=ssl4eo_benchmark_oli_sr_cdl_unet_resnet18_0.0001_ce_0_moco trainer.devices=[0]
python train.py config_file=conf/ssl4eo_benchmark_oli_sr_cdl.yaml module.model=unet module.backbone=resnet18 module.learning_rate=0.0001 module.loss=ce module.weight_decay=0.1 module.weights=/projects/dali/data/pretrained_weights/ssl4eo-l-oli-sr-mocov2-resnet18/torchgeo.datamodules.ssl4eollmdbdatamodule_torchgeo.trainers.mocotask/ssl4eo-l-oli-sr-mocov2-resnet18_backbone.ckpt program.experiment_name=ssl4eo_benchmark_oli_sr_cdl_unet_resnet18_0.0001_ce_0.1_moco trainer.devices=[0]
python train.py config_file=conf/ssl4eo_benchmark_oli_sr_cdl.yaml module.model=unet module.backbone=resnet18 module.learning_rate=0.0001 module.loss=ce module.weight_decay=0.01 module.weights=/projects/dali/data/pretrained_weights/ssl4eo-l-oli-sr-mocov2-resnet18/torchgeo.datamodules.ssl4eollmdbdatamodule_torchgeo.trainers.mocotask/ssl4eo-l-oli-sr-mocov2-resnet18_backbone.ckpt program.experiment_name=ssl4eo_benchmark_oli_sr_cdl_unet_resnet18_0.0001_ce_0.01_moco trainer.devices=[0]
